Using pre-set license
Built from '2020.3/staging' branch; Version is '2020.3.9f1 (108be757e447) revision 1084391'; Using compiler version '192528614'; Build Type 'Release'
OS: 'Windows 10 Enterprise; OS build 18363.1621; Version 1909; 64bit' Language: 'en' Physical Memory: 8073 MB
BatchMode: 1, IsHumanControllingUs: 0, StartBugReporterOnCrash: 0, Is64bit: 1, IsPro: 0

 COMMAND LINE ARGUMENTS:
C:\Program Files\Unity\Hub\Editor\2020.3.9f1\Editor\Unity.exe
-adb2
-batchMode
-noUpm
-name
AssetImportWorker0
-projectPath
D:/Moje/Unity projects/Test Project
-logFile
Logs/AssetImportWorker0.log
-srvPort
62855
Successfully changed project path to: D:/Moje/Unity projects/Test Project
D:/Moje/Unity projects/Test Project
Using Asset Import Pipeline V2.
Refreshing native plugins compatible for Editor in 81.75 ms, found 1 plugins.
Preloading 0 native plugins for Editor in 0.00 ms.
Initialize engine version: 2020.3.9f1 (108be757e447)
[Subsystems] Discovering subsystems at path C:/Program Files/Unity/Hub/Editor/2020.3.9f1/Editor/Data/Resources/UnitySubsystems
[Subsystems] Discovering subsystems at path D:/Moje/Unity projects/Test Project/Assets
GfxDevice: creating device client; threaded=0
Direct3D:
    Version:  Direct3D 11.0 [level 11.1]
    Renderer: NVIDIA GeForce GTX 1050 (ID=0x1c8d)
    Vendor:   
    VRAM:     4021 MB
    Driver:   27.21.14.6677
Initialize mono
Mono path[0] = 'C:/Program Files/Unity/Hub/Editor/2020.3.9f1/Editor/Data/Managed'
Mono path[1] = 'C:/Program Files/Unity/Hub/Editor/2020.3.9f1/Editor/Data/MonoBleedingEdge/lib/mono/unityjit'
Mono config path = 'C:/Program Files/Unity/Hub/Editor/2020.3.9f1/Editor/Data/MonoBleedingEdge/etc'
Using monoOptions --debugger-agent=transport=dt_socket,embedding=1,server=y,suspend=n,address=127.0.0.1:56568
Begin MonoManager ReloadAssembly
Registering precompiled unity dll's ...
Register platform support module: C:/Program Files/Unity/Hub/Editor/2020.3.9f1/Editor/Data/PlaybackEngines/WindowsStandaloneSupport/UnityEditor.WindowsStandalone.Extensions.dll
Registered in 0.003024 seconds.
Native extension for WindowsStandalone target not found
Refreshing native plugins compatible for Editor in 89.81 ms, found 1 plugins.
Preloading 0 native plugins for Editor in 0.00 ms.
Mono: successfully reloaded assembly
- Completed reload, in  2.272 seconds
Platform modules already initialized, skipping
Registering precompiled user dll's ...
Registered in 0.001381 seconds.
Begin MonoManager ReloadAssembly
Native extension for WindowsStandalone target not found
Refreshing native plugins compatible for Editor in 84.04 ms, found 1 plugins.
Preloading 0 native plugins for Editor in 0.00 ms.
Mono: successfully reloaded assembly
- Completed reload, in  1.955 seconds
Platform modules already initialized, skipping
========================================================================
Worker process is ready to serve import requests
Launched and connected shader compiler UnityShaderCompiler.exe after 0.11 seconds
Refreshing native plugins compatible for Editor in 0.62 ms, found 1 plugins.
Preloading 0 native plugins for Editor in 0.00 ms.
Unloading 1809 Unused Serialized files (Serialized files now loaded: 0)
System memory in use before: 85.0 MB.
System memory in use after: 84.9 MB.

Unloading 24 unused Assets to reduce memory usage. Loaded Objects now: 2251.
Total: 4.167400 ms (FindLiveObjects: 1.002400 ms CreateObjectMapping: 0.152900 ms MarkObjects: 2.772700 ms  DeleteObjects: 0.238100 ms)

========================================================================
Received Import Request.
  path: Assets/playermove.cs
  artifactKey: Guid(825ef2b7eb2cce04ebd2f1dfdbcc2cf9) Importer(815301076,1909f56bfc062723c751e8b465ee728b)
Start importing Assets/playermove.cs using Guid(825ef2b7eb2cce04ebd2f1dfdbcc2cf9) Importer(815301076,1909f56bfc062723c751e8b465ee728b)  -> (artifact id: 'dcbf1d7b3a66d0faed4f26c30b6495b2') in 0.075917 seconds
  Import took 0.083802 seconds .

========================================================================
Received Import Request.
  Time since last request: 161.853974 seconds.
  path: Assets/Animations/plAnimator.controller
  artifactKey: Guid(b06ca9a95712ddc4e81fcbed66f29882) Importer(815301076,1909f56bfc062723c751e8b465ee728b)
Start importing Assets/Animations/plAnimator.controller using Guid(b06ca9a95712ddc4e81fcbed66f29882) Importer(815301076,1909f56bfc062723c751e8b465ee728b)  -> (artifact id: '60140da48d9a6e5d2c86bbd8d2f6953f') in 0.032573 seconds
  Import took 0.123750 seconds .

AssetImportWorkerClient::OnTransportError - code=2 error=End of file
